2020-11-23 23:37:12.629  - [32minfo[39m: host.DYWM34 "system.adapter.siro.0" enabled
2020-11-23 23:37:12.642  - [32minfo[39m: host.DYWM34 instance system.adapter.siro.0 started with pid 5084
2020-11-23 23:37:14.166  - [32minfo[39m: siro.0 (5084) starting. Version 1.0.12 in C:/iobroker/node_modules/iobroker.siro, node: v14.15.1, js-controller: 3.1.6
2020-11-23 23:37:14.182  - [32minfo[39m: siro.0 (5084) å‡†å¤‡è¿›å…¥mainå‡½æ•°
2020-11-23 23:37:14.184  - [32minfo[39m: siro.0 (5084) å¯†ç çš„md5å€¼ï¼šE10ADC3949BA59ABBE56E057F20F883E
2020-11-23 23:37:14.185  - [32minfo[39m: siro.0 (5084) è¿›å…¥loginå‡½æ•°
2020-11-23 23:37:14.196  - [32minfo[39m: siro.0 (5084) è¿›å…¥sheduletoeknåˆ·æ–°åˆ¤æ–­
2020-11-23 23:37:14.208  - [32minfo[39m: siro.0 (5084) Token refresh Shedule added!
2020-11-23 23:37:15.435  - [32minfo[39m: siro.0 (5084) Change connection status: true
2020-11-23 23:37:15.436  - [32minfo[39m: siro.0 (5084) heartbeatTimeoutçš„å€¼ä¸ºï¼š30000
2020-11-23 23:37:15.436  - [32minfo[39m: siro.0 (5084) conntimeoutçš„æ•°å€¼ä¸ºï¼š392
2020-11-23 23:37:15.437  - [32minfo[39m: siro.0 (5084) Logged in with Access Token: 5acb1823-d7ff-46db-9c01-16876f12c7d8303b2451-d30a-41f0-8feb-aa28c656d***
2020-11-23 23:37:28.147  - [32minfo[39m: siro.0 (5084) heartbeatTimeoutçš„å€¼ä¸ºï¼š30000
2020-11-23 23:37:28.147  - [32minfo[39m: siro.0 (5084) conntimeoutçš„æ•°å€¼ä¸ºï¼š457
2020-11-23 23:37:35.792  - [32minfo[39m: siro.0 (5084) heartbeatTimeoutçš„å€¼ä¸ºï¼š30000
2020-11-23 23:37:35.793  - [32minfo[39m: siro.0 (5084) conntimeoutçš„æ•°å€¼ä¸ºï¼š588
2020-11-23 23:37:45.084  - [32minfo[39m: siro.0 (5084) heartbeatTimeoutçš„å€¼ä¸ºï¼š30000
2020-11-23 23:37:45.084  - [32minfo[39m: siro.0 (5084) conntimeoutçš„æ•°å€¼ä¸ºï¼š720
2020-11-23 23:37:57.416  - [32minfo[39m: siro.0 (5084) heartbeatTimeoutçš„å€¼ä¸ºï¼š30000
2020-11-23 23:37:57.416  - [32minfo[39m: siro.0 (5084) conntimeoutçš„æ•°å€¼ä¸ºï¼š816
2020-11-23 23:38:05.127  - [32minfo[39m: siro.0 (5084) heartbeatTimeoutçš„å€¼ä¸ºï¼š30000
2020-11-23 23:38:05.127  - [32minfo[39m: siro.0 (5084) conntimeoutçš„æ•°å€¼ä¸ºï¼š946
2020-11-23 23:38:15.188  - [32minfo[39m: siro.0 (5084) heartbeatTimeoutçš„å€¼ä¸ºï¼š30000
2020-11-23 23:38:15.189  - [32minfo[39m: siro.0 (5084) conntimeoutçš„æ•°å€¼ä¸ºï¼š1078
2020-11-23 23:38:25.585  - [32minfo[39m: siro.0 (5084) heartbeatTimeoutçš„å€¼ä¸ºï¼š30000
2020-11-23 23:38:25.585  - [32minfo[39m: siro.0 (5084) conntimeoutçš„æ•°å€¼ä¸ºï¼š1172
2020-11-23 23:38:35.249  - [32minfo[39m: siro.0 (5084) heartbeatTimeoutçš„å€¼ä¸ºï¼š30000
2020-11-23 23:38:35.250  - [32minfo[39m: siro.0 (5084) conntimeoutçš„æ•°å€¼ä¸ºï¼š1304
2020-11-23 23:38:46.200  - [32minfo[39m: siro.0 (5084) heartbeatTimeoutçš„å€¼ä¸ºï¼š30000
2020-11-23 23:38:46.201  - [32minfo[39m: siro.0 (5084) conntimeoutçš„æ•°å€¼ä¸ºï¼š1442
2020-11-23 23:38:55.731  - [32minfo[39m: siro.0 (5084) heartbeatTimeoutçš„å€¼ä¸ºï¼š30000
2020-11-23 23:38:55.732  - [32minfo[39m: siro.0 (5084) conntimeoutçš„æ•°å€¼ä¸ºï¼š1537
2020-11-23 23:39:05.264  - [32minfo[39m: siro.0 (5084) heartbeatTimeoutçš„å€¼ä¸ºï¼š30000
2020-11-23 23:39:05.265  - [32minfo[39m: siro.0 (5084) conntimeoutçš„æ•°å€¼ä¸ºï¼š1675
2020-11-23 23:39:16.219  - [32minfo[39m: siro.0 (5084) heartbeatTimeoutçš„å€¼ä¸ºï¼š30000
2020-11-23 23:39:16.220  - [32minfo[39m: siro.0 (5084) conntimeoutçš„æ•°å€¼ä¸ºï¼š1809
2020-11-23 23:39:28.265  - [32minfo[39m: siro.0 (5084) heartbeatTimeoutçš„å€¼ä¸ºï¼š30000
2020-11-23 23:39:28.265  - [32minfo[39m: siro.0 (5084) conntimeoutçš„æ•°å€¼ä¸ºï¼š1904
2020-11-23 23:39:35.573  - [32minfo[39m: siro.0 (5084) heartbeatTimeoutçš„å€¼ä¸ºï¼š30000
2020-11-23 23:39:35.574  - [32minfo[39m: siro.0 (5084) conntimeoutçš„æ•°å€¼ä¸ºï¼š2036
2020-11-23 23:39:46.543  - [32minfo[39m: siro.0 (5084) heartbeatTimeoutçš„å€¼ä¸ºï¼š30000
2020-11-23 23:39:46.544  - [32minfo[39m: siro.0 (5084) conntimeoutçš„æ•°å€¼ä¸ºï¼š2172
2020-11-23 23:39:57.425  - [32minfo[39m: siro.0 (5084) heartbeatTimeoutçš„å€¼ä¸ºï¼š30000
2020-11-23 23:39:57.425  - [32minfo[39m: siro.0 (5084) conntimeoutçš„æ•°å€¼ä¸ºï¼š2273
2020-11-23 23:40:05.292  - [32minfo[39m: siro.0 (5084) heartbeatTimeoutçš„å€¼ä¸ºï¼š30000
2020-11-23 23:40:05.292  - [32minfo[39m: siro.0 (5084) conntimeoutçš„æ•°å€¼ä¸ºï¼š2408
2020-11-23 23:40:15.180  - [32minfo[39m: siro.0 (5084) heartbeatTimeoutçš„å€¼ä¸ºï¼š30000
2020-11-23 23:40:15.180  - [32minfo[39m: siro.0 (5084) conntimeoutçš„æ•°å€¼ä¸ºï¼š2540
2020-11-23 23:40:25.150  - [32minfo[39m: siro.0 (5084) heartbeatTimeoutçš„å€¼ä¸ºï¼š30000
2020-11-23 23:40:25.151  - [32minfo[39m: siro.0 (5084) conntimeoutçš„æ•°å€¼ä¸ºï¼š2634
2020-11-23 23:40:35.302  - [32minfo[39m: siro.0 (5084) heartbeatTimeoutçš„å€¼ä¸ºï¼š30000
2020-11-23 23:40:35.303  - [32minfo[39m: siro.0 (5084) conntimeoutçš„æ•°å€¼ä¸ºï¼š2764
2020-11-23 23:40:46.224  - [32minfo[39m: siro.0 (5084) heartbeatTimeoutçš„å€¼ä¸ºï¼š30000
2020-11-23 23:40:46.225  - [32minfo[39m: siro.0 (5084) conntimeoutçš„æ•°å€¼ä¸ºï¼š2905
2020-11-23 23:40:55.307  - [32minfo[39m: siro.0 (5084) heartbeatTimeoutçš„å€¼ä¸ºï¼š30000
2020-11-23 23:40:55.307  - [32minfo[39m: siro.0 (5084) conntimeoutçš„æ•°å€¼ä¸ºï¼š2999
2020-11-23 23:41:05.334  - [32minfo[39m: siro.0 (5084) heartbeatTimeoutçš„å€¼ä¸ºï¼š30000
2020-11-23 23:41:05.334  - [32minfo[39m: siro.0 (5084) conntimeoutçš„æ•°å€¼ä¸ºï¼š3132
2020-11-23 23:41:15.367  - [32minfo[39m: siro.0 (5084) heartbeatTimeoutçš„å€¼ä¸ºï¼š30000
2020-11-23 23:41:15.367  - [32minfo[39m: siro.0 (5084) conntimeoutçš„æ•°å€¼ä¸ºï¼š3276
2020-11-23 23:41:26.380  - [32minfo[39m: siro.0 (5084) heartbeatTimeoutçš„å€¼ä¸ºï¼š30000
2020-11-23 23:41:26.381  - [32minfo[39m: siro.0 (5084) conntimeoutçš„æ•°å€¼ä¸ºï¼š3371
2020-11-23 23:41:35.348  - [32minfo[39m: siro.0 (5084) heartbeatTimeoutçš„å€¼ä¸ºï¼š30000
2020-11-23 23:41:35.348  - [32minfo[39m: siro.0 (5084) conntimeoutçš„æ•°å€¼ä¸ºï¼š3506
2020-11-23 23:41:47.312  - [32minfo[39m: siro.0 (5084) heartbeatTimeoutçš„å€¼ä¸ºï¼š30000
2020-11-23 23:41:47.313  - [32minfo[39m: siro.0 (5084) conntimeoutçš„æ•°å€¼ä¸ºï¼š3644
2020-11-23 23:41:55.272  - [32minfo[39m: siro.0 (5084) heartbeatTimeoutçš„å€¼ä¸ºï¼š30000
2020-11-23 23:41:55.273  - [32minfo[39m: siro.0 (5084) conntimeoutçš„æ•°å€¼ä¸ºï¼š3733
2020-11-23 23:42:05.335  - [32minfo[39m: siro.0 (5084) heartbeatTimeoutçš„å€¼ä¸ºï¼š30000
2020-11-23 23:42:05.335  - [32minfo[39m: siro.0 (5084) conntimeoutçš„æ•°å€¼ä¸ºï¼š3872
2020-11-23 23:42:15.355  - [32minfo[39m: siro.0 (5084) heartbeatTimeoutçš„å€¼ä¸ºï¼š30000
2020-11-23 23:42:15.356  - [32minfo[39m: siro.0 (5084) conntimeoutçš„æ•°å€¼ä¸ºï¼š4001
2020-11-23 23:42:25.761  - [32minfo[39m: siro.0 (5084) heartbeatTimeoutçš„å€¼ä¸ºï¼š30000
2020-11-23 23:42:25.762  - [32minfo[39m: siro.0 (5084) conntimeoutçš„æ•°å€¼ä¸ºï¼š4094
2020-11-23 23:42:37.962  - [32minfo[39m: siro.0 (5084) heartbeatTimeoutçš„å€¼ä¸ºï¼š30000
2020-11-23 23:42:37.962  - [32minfo[39m: siro.0 (5084) conntimeoutçš„æ•°å€¼ä¸ºï¼š4233
2020-11-23 23:42:45.345  - [32minfo[39m: siro.0 (5084) heartbeatTimeoutçš„å€¼ä¸ºï¼š30000
2020-11-23 23:42:45.345  - [32minfo[39m: siro.0 (5084) conntimeoutçš„æ•°å€¼ä¸ºï¼š4366
2020-11-23 23:42:56.300  - [32minfo[39m: siro.0 (5084) heartbeatTimeoutçš„å€¼ä¸ºï¼š30000
2020-11-23 23:42:56.300  - [32minfo[39m: siro.0 (5084) conntimeoutçš„æ•°å€¼ä¸ºï¼š4460
2020-11-23 23:43:05.260  - [32minfo[39m: siro.0 (5084) heartbeatTimeoutçš„å€¼ä¸ºï¼š30000
2020-11-23 23:43:05.261  - [32minfo[39m: siro.0 (5084) conntimeoutçš„æ•°å€¼ä¸ºï¼š4593
2020-11-23 23:43:15.581  - [32minfo[39m: siro.0 (5084) heartbeatTimeoutçš„å€¼ä¸ºï¼š30000
2020-11-23 23:43:15.581  - [32minfo[39m: siro.0 (5084) conntimeoutçš„æ•°å€¼ä¸ºï¼š4731
2020-11-23 23:43:26.112  - [32minfo[39m: siro.0 (5084) heartbeatTimeoutçš„å€¼ä¸ºï¼š30000
2020-11-23 23:43:26.113  - [32minfo[39m: siro.0 (5084) conntimeoutçš„æ•°å€¼ä¸ºï¼š4828
2020-11-23 23:43:35.352  - [32minfo[39m: siro.0 (5084) heartbeatTimeoutçš„å€¼ä¸ºï¼š30000
2020-11-23 23:43:35.353  - [32minfo[39m: siro.0 (5084) conntimeoutçš„æ•°å€¼ä¸ºï¼š4968
2020-11-23 23:43:45.314  - [32minfo[39m: siro.0 (5084) heartbeatTimeoutçš„å€¼ä¸ºï¼š30000
2020-11-23 23:43:45.314  - [32minfo[39m: siro.0 (5084) conntimeoutçš„æ•°å€¼ä¸ºï¼š5102
2020-11-23 23:43:55.495  - [32minfo[39m: siro.0 (5084) heartbeatTimeoutçš„å€¼ä¸ºï¼š30000
2020-11-23 23:43:55.496  - [32minfo[39m: siro.0 (5084) conntimeoutçš„æ•°å€¼ä¸ºï¼š5197
2020-11-23 23:44:05.407  - [32minfo[39m: siro.0 (5084) heartbeatTimeoutçš„å€¼ä¸ºï¼š30000
2020-11-23 23:44:05.408  - [32minfo[39m: siro.0 (5084) conntimeoutçš„æ•°å€¼ä¸ºï¼š5336
2020-11-23 23:44:16.539  - [32minfo[39m: siro.0 (5084) heartbeatTimeoutçš„å€¼ä¸ºï¼š30000
2020-11-23 23:44:16.540  - [32minfo[39m: siro.0 (5084) conntimeoutçš„æ•°å€¼ä¸ºï¼š5470
2020-11-23 23:44:26.544  - [32minfo[39m: siro.0 (5084) heartbeatTimeoutçš„å€¼ä¸ºï¼š30000
2020-11-23 23:44:26.545  - [32minfo[39m: siro.0 (5084) conntimeoutçš„æ•°å€¼ä¸ºï¼š5563
2020-11-23 23:44:35.293  - [32minfo[39m: siro.0 (5084) heartbeatTimeoutçš„å€¼ä¸ºï¼š30000
2020-11-23 23:44:35.293  - [32minfo[39m: siro.0 (5084) conntimeoutçš„æ•°å€¼ä¸ºï¼š5699
2020-11-23 23:44:45.346  - [32minfo[39m: siro.0 (5084) heartbeatTimeoutçš„å€¼ä¸ºï¼š30000
2020-11-23 23:44:45.346  - [32minfo[39m: siro.0 (5084) conntimeoutçš„æ•°å€¼ä¸ºï¼š5837
2020-11-23 23:44:55.617  - [32minfo[39m: siro.0 (5084) heartbeatTimeoutçš„å€¼ä¸ºï¼š30000
2020-11-23 23:44:55.618  - [32minfo[39m: siro.0 (5084) conntimeoutçš„æ•°å€¼ä¸ºï¼š5931
2020-11-23 23:45:05.279  - [32minfo[39m: siro.0 (5084) heartbeatTimeoutçš„å€¼ä¸ºï¼š30000
2020-11-23 23:45:05.279  - [32minfo[39m: siro.0 (5084) conntimeoutçš„æ•°å€¼ä¸ºï¼š6066
2020-11-23 23:45:15.724  - [32minfo[39m: siro.0 (5084) heartbeatTimeoutçš„å€¼ä¸ºï¼š30000
2020-11-23 23:45:15.725  - [32minfo[39m: siro.0 (5084) conntimeoutçš„æ•°å€¼ä¸ºï¼š6206
2020-11-23 23:45:25.966  - [32minfo[39m: siro.0 (5084) heartbeatTimeoutçš„å€¼ä¸ºï¼š30000
2020-11-23 23:45:25.967  - [32minfo[39m: siro.0 (5084) conntimeoutçš„æ•°å€¼ä¸ºï¼š6295
2020-11-23 23:45:35.285  - [32minfo[39m: siro.0 (5084) heartbeatTimeoutçš„å€¼ä¸ºï¼š30000
2020-11-23 23:45:35.285  - [32minfo[39m: siro.0 (5084) conntimeoutçš„æ•°å€¼ä¸ºï¼š6436
2020-11-23 23:45:45.415  - [32minfo[39m: siro.0 (5084) heartbeatTimeoutçš„å€¼ä¸ºï¼š30000
2020-11-23 23:45:45.415  - [32minfo[39m: siro.0 (5084) conntimeoutçš„æ•°å€¼ä¸ºï¼š6567
2020-11-23 23:45:59.282  - [32minfo[39m: siro.0 (5084) heartbeatTimeoutçš„å€¼ä¸ºï¼š30000
2020-11-23 23:45:59.285  - [32minfo[39m: siro.0 (5084) conntimeoutçš„æ•°å€¼ä¸ºï¼š6663
2020-11-23 23:46:05.285  - [32minfo[39m: siro.0 (5084) heartbeatTimeoutçš„å€¼ä¸ºï¼š30000
2020-11-23 23:46:05.285  - [32minfo[39m: siro.0 (5084) conntimeoutçš„æ•°å€¼ä¸ºï¼š6795
2020-11-23 23:46:15.241  - [32minfo[39m: siro.0 (5084) heartbeatTimeoutçš„å€¼ä¸ºï¼š30000
2020-11-23 23:46:15.242  - [32minfo[39m: siro.0 (5084) conntimeoutçš„æ•°å€¼ä¸ºï¼š6932
2020-11-23 23:46:25.343  - [32minfo[39m: siro.0 (5084) heartbeatTimeoutçš„å€¼ä¸ºï¼š30000
2020-11-23 23:46:25.343  - [32minfo[39m: siro.0 (5084) conntimeoutçš„æ•°å€¼ä¸ºï¼š7028
2020-11-23 23:46:35.670  - [32minfo[39m: siro.0 (5084) heartbeatTimeoutçš„å€¼ä¸ºï¼š30000
2020-11-23 23:46:35.670  - [32minfo[39m: siro.0 (5084) conntimeoutçš„æ•°å€¼ä¸ºï¼š7168
2020-11-23 23:46:46.650  - [32minfo[39m: siro.0 (5084) heartbeatTimeoutçš„å€¼ä¸ºï¼š30000
2020-11-23 23:46:46.651  - [32minfo[39m: siro.0 (5084) conntimeoutçš„æ•°å€¼ä¸ºï¼š7305
2020-11-23 23:46:55.667  - [32minfo[39m: siro.0 (5084) heartbeatTimeoutçš„å€¼ä¸ºï¼š30000
2020-11-23 23:46:55.667  - [32minfo[39m: siro.0 (5084) conntimeoutçš„æ•°å€¼ä¸ºï¼š7398
2020-11-23 23:47:05.834  - [32minfo[39m: siro.0 (5084) heartbeatTimeoutçš„å€¼ä¸ºï¼š30000
2020-11-23 23:47:05.834  - [32minfo[39m: siro.0 (5084) conntimeoutçš„æ•°å€¼ä¸ºï¼š7526
2020-11-23 23:47:15.361  - [32minfo[39m: siro.0 (5084) heartbeatTimeoutçš„å€¼ä¸ºï¼š30000
2020-11-23 23:47:15.361  - [32minfo[39m: siro.0 (5084) conntimeoutçš„æ•°å€¼ä¸ºï¼š7657
2020-11-23 23:47:25.461  - [32minfo[39m: siro.0 (5084) heartbeatTimeoutçš„å€¼ä¸ºï¼š30000
2020-11-23 23:47:25.461  - [32minfo[39m: siro.0 (5084) conntimeoutçš„æ•°å€¼ä¸ºï¼š7758
2020-11-23 23:47:35.352  - [32minfo[39m: siro.0 (5084) heartbeatTimeoutçš„å€¼ä¸ºï¼š30000
2020-11-23 23:47:35.352  - [32minfo[39m: siro.0 (5084) conntimeoutçš„æ•°å€¼ä¸ºï¼š7895
2020-11-23 23:47:46.596  - [32minfo[39m: siro.0 (5084) heartbeatTimeoutçš„å€¼ä¸ºï¼š30000
2020-11-23 23:47:46.597  - [32minfo[39m: siro.0 (5084) conntimeoutçš„æ•°å€¼ä¸ºï¼š8036
2020-11-23 23:47:56.297  - [32minfo[39m: siro.0 (5084) heartbeatTimeoutçš„å€¼ä¸ºï¼š30000
2020-11-23 23:47:56.297  - [32minfo[39m: siro.0 (5084) conntimeoutçš„æ•°å€¼ä¸ºï¼š8129
2020-11-23 23:48:05.500  - [32minfo[39m: siro.0 (5084) heartbeatTimeoutçš„å€¼ä¸ºï¼š30000
2020-11-23 23:48:05.500  - [32minfo[39m: siro.0 (5084) conntimeoutçš„æ•°å€¼ä¸ºï¼š8271
2020-11-23 23:48:16.434  - [32minfo[39m: siro.0 (5084) heartbeatTimeoutçš„å€¼ä¸ºï¼š30000
2020-11-23 23:48:16.434  - [32minfo[39m: siro.0 (5084) conntimeoutçš„æ•°å€¼ä¸ºï¼š8407
2020-11-23 23:48:25.380  - [32minfo[39m: siro.0 (5084) heartbeatTimeoutçš„å€¼ä¸ºï¼š30000
2020-11-23 23:48:25.381  - [32minfo[39m: siro.0 (5084) conntimeoutçš„æ•°å€¼ä¸ºï¼š8504
2020-11-23 23:48:36.196  - [32minfo[39m: siro.0 (5084) heartbeatTimeoutçš„å€¼ä¸ºï¼š30000
2020-11-23 23:48:36.197  - [32minfo[39m: siro.0 (5084) conntimeoutçš„æ•°å€¼ä¸ºï¼š8638
2020-11-23 23:48:47.284  - [32minfo[39m: siro.0 (5084) heartbeatTimeoutçš„å€¼ä¸ºï¼š30000
2020-11-23 23:48:47.284  - [32minfo[39m: siro.0 (5084) conntimeoutçš„æ•°å€¼ä¸ºï¼š8777
2020-11-23 23:48:58.408  - [32minfo[39m: siro.0 (5084) heartbeatTimeoutçš„å€¼ä¸ºï¼š30000
2020-11-23 23:48:58.409  - [32minfo[39m: siro.0 (5084) conntimeoutçš„æ•°å€¼ä¸ºï¼š8875
2020-11-23 23:49:05.543  - [32minfo[39m: siro.0 (5084) heartbeatTimeoutçš„å€¼ä¸ºï¼š30000
2020-11-23 23:49:05.544  - [32minfo[39m: siro.0 (5084) conntimeoutçš„æ•°å€¼ä¸ºï¼š9016
2020-11-23 23:49:15.550  - [32minfo[39m: siro.0 (5084) heartbeatTimeoutçš„å€¼ä¸ºï¼š30000
2020-11-23 23:49:15.551  - [32minfo[39m: siro.0 (5084) conntimeoutçš„æ•°å€¼ä¸ºï¼š9157
2020-11-23 23:49:25.407  - [32minfo[39m: siro.0 (5084) heartbeatTimeoutçš„å€¼ä¸ºï¼š30000
2020-11-23 23:49:25.408  - [32minfo[39m: siro.0 (5084) conntimeoutçš„æ•°å€¼ä¸ºï¼š9249
2020-11-23 23:49:35.456  - [32minfo[39m: siro.0 (5084) heartbeatTimeoutçš„å€¼ä¸ºï¼š30000
2020-11-23 23:49:35.456  - [32minfo[39m: siro.0 (5084) conntimeoutçš„æ•°å€¼ä¸ºï¼š9381
2020-11-23 23:49:46.271  - [32minfo[39m: siro.0 (5084) heartbeatTimeoutçš„å€¼ä¸ºï¼š30000
2020-11-23 23:49:46.272  - [32minfo[39m: siro.0 (5084) conntimeoutçš„æ•°å€¼ä¸ºï¼š9514
2020-11-23 23:49:55.482  - [32minfo[39m: siro.0 (5084) heartbeatTimeoutçš„å€¼ä¸ºï¼š30000
2020-11-23 23:49:55.482  - [32minfo[39m: siro.0 (5084) conntimeoutçš„æ•°å€¼ä¸ºï¼š9609
2020-11-23 23:50:05.457  - [32minfo[39m: siro.0 (5084) heartbeatTimeoutçš„å€¼ä¸ºï¼š30000
2020-11-23 23:50:05.457  - [32minfo[39m: siro.0 (5084) conntimeoutçš„æ•°å€¼ä¸ºï¼š9748
2020-11-23 23:50:15.734  - [32minfo[39m: siro.0 (5084) heartbeatTimeoutçš„å€¼ä¸ºï¼š30000
2020-11-23 23:50:15.734  - [32minfo[39m: siro.0 (5084) conntimeoutçš„æ•°å€¼ä¸ºï¼š9893
2020-11-23 23:50:25.575  - [32minfo[39m: siro.0 (5084) heartbeatTimeoutçš„å€¼ä¸ºï¼š30000
2020-11-23 23:50:25.575  - [32minfo[39m: siro.0 (5084) conntimeoutçš„æ•°å€¼ä¸ºï¼š9986
2020-11-23 23:50:36.095  - [32minfo[39m: siro.0 (5084) heartbeatTimeoutçš„å€¼ä¸ºï¼š30000
2020-11-23 23:50:36.095  - [32minfo[39m: siro.0 (5084) conntimeoutçš„æ•°å€¼ä¸ºï¼š10125
2020-11-23 23:50:45.358  - [32minfo[39m: siro.0 (5084) heartbeatTimeoutçš„å€¼ä¸ºï¼š30000
2020-11-23 23:50:45.358  - [32minfo[39m: siro.0 (5084) conntimeoutçš„æ•°å€¼ä¸ºï¼š10261
2020-11-23 23:50:55.616  - [32minfo[39m: siro.0 (5084) heartbeatTimeoutçš„å€¼ä¸ºï¼š30000
2020-11-23 23:50:55.617  - [32minfo[39m: siro.0 (5084) conntimeoutçš„æ•°å€¼ä¸ºï¼š10358
2020-11-23 23:51:05.446  - [32minfo[39m: siro.0 (5084) heartbeatTimeoutçš„å€¼ä¸ºï¼š30000
2020-11-23 23:51:05.446  - [32minfo[39m: siro.0 (5084) conntimeoutçš„æ•°å€¼ä¸ºï¼š10499
2020-11-23 23:51:16.468  - [32minfo[39m: siro.0 (5084) heartbeatTimeoutçš„å€¼ä¸ºï¼š30000
2020-11-23 23:51:16.468  - [32minfo[39m: siro.0 (5084) conntimeoutçš„æ•°å€¼ä¸ºï¼š10641
2020-11-23 23:51:27.463  - [32minfo[39m: siro.0 (5084) heartbeatTimeoutçš„å€¼ä¸ºï¼š30000
2020-11-23 23:51:27.464  - [32minfo[39m: siro.0 (5084) conntimeoutçš„æ•°å€¼ä¸ºï¼š10740
2020-11-23 23:51:35.545  - [32minfo[39m: siro.0 (5084) heartbeatTimeoutçš„å€¼ä¸ºï¼š30000
2020-11-23 23:51:35.546  - [32minfo[39m: siro.0 (5084) conntimeoutçš„æ•°å€¼ä¸ºï¼š10876
2020-11-23 23:51:45.345  - [32minfo[39m: siro.0 (5084) heartbeatTimeoutçš„å€¼ä¸ºï¼š30000
2020-11-23 23:51:45.346  - [32minfo[39m: siro.0 (5084) conntimeoutçš„æ•°å€¼ä¸ºï¼š11014
2020-11-23 23:51:56.761  - [32minfo[39m: siro.0 (5084) heartbeatTimeoutçš„å€¼ä¸ºï¼š30000
2020-11-23 23:51:56.762  - [32minfo[39m: siro.0 (5084) conntimeoutçš„æ•°å€¼ä¸ºï¼š11111
2020-11-23 23:52:05.569  - [32minfo[39m: siro.0 (5084) heartbeatTimeoutçš„å€¼ä¸ºï¼š30000
2020-11-23 23:52:05.570  - [32minfo[39m: siro.0 (5084) conntimeoutçš„æ•°å€¼ä¸ºï¼š11245
2020-11-23 23:52:15.564  - [32minfo[39m: siro.0 (5084) heartbeatTimeoutçš„å€¼ä¸ºï¼š30000
2020-11-23 23:52:15.564  - [32minfo[39m: siro.0 (5084) conntimeoutçš„æ•°å€¼ä¸ºï¼š11385
2020-11-23 23:52:25.442  - [32minfo[39m: siro.0 (5084) heartbeatTimeoutçš„å€¼ä¸ºï¼š30000
2020-11-23 23:52:25.442  - [32minfo[39m: siro.0 (5084) conntimeoutçš„æ•°å€¼ä¸ºï¼š11482
2020-11-23 23:52:35.654  - [32minfo[39m: siro.0 (5084) heartbeatTimeoutçš„å€¼ä¸ºï¼š30000
2020-11-23 23:52:35.655  - [32minfo[39m: siro.0 (5084) conntimeoutçš„æ•°å€¼ä¸ºï¼š11626
2020-11-23 23:52:45.400  - [32minfo[39m: siro.0 (5084) heartbeatTimeoutçš„å€¼ä¸ºï¼š30000
2020-11-23 23:52:45.400  - [32minfo[39m: siro.0 (5084) conntimeoutçš„æ•°å€¼ä¸ºï¼š11769
2020-11-23 23:52:55.462  - [32minfo[39m: siro.0 (5084) heartbeatTimeoutçš„å€¼ä¸ºï¼š30000
2020-11-23 23:52:55.462  - [32minfo[39m: siro.0 (5084) conntimeoutçš„æ•°å€¼ä¸ºï¼š11866
2020-11-23 23:53:05.331  - [32minfo[39m: siro.0 (5084) heartbeatTimeoutçš„å€¼ä¸ºï¼š30000
2020-11-23 23:53:05.332  - [32minfo[39m: siro.0 (5084) conntimeoutçš„æ•°å€¼ä¸ºï¼š12006
2020-11-23 23:53:15.420  - [32minfo[39m: siro.0 (5084) heartbeatTimeoutçš„å€¼ä¸ºï¼š30000
2020-11-23 23:53:15.420  - [32minfo[39m: siro.0 (5084) conntimeoutçš„æ•°å€¼ä¸ºï¼š12140
2020-11-23 23:53:25.901  - [32minfo[39m: siro.0 (5084) heartbeatTimeoutçš„å€¼ä¸ºï¼š30000
2020-11-23 23:53:25.901  - [32minfo[39m: siro.0 (5084) conntimeoutçš„æ•°å€¼ä¸ºï¼š12234
2020-11-23 23:53:35.594  - [32minfo[39m: siro.0 (5084) heartbeatTimeoutçš„å€¼ä¸ºï¼š30000
2020-11-23 23:53:35.595  - [32minfo[39m: siro.0 (5084) conntimeoutçš„æ•°å€¼ä¸ºï¼š12376
2020-11-23 23:53:45.516  - [32minfo[39m: siro.0 (5084) heartbeatTimeoutçš„å€¼ä¸ºï¼š30000
2020-11-23 23:53:45.517  - [32minfo[39m: siro.0 (5084) conntimeoutçš„æ•°å€¼ä¸ºï¼š12512
2020-11-23 23:53:55.631  - [32minfo[39m: siro.0 (5084) heartbeatTimeoutçš„å€¼ä¸ºï¼š30000
2020-11-23 23:53:55.631  - [32minfo[39m: siro.0 (5084) conntimeoutçš„æ•°å€¼ä¸ºï¼š12612
2020-11-23 23:54:05.620  - [32minfo[39m: siro.0 (5084) heartbeatTimeoutçš„å€¼ä¸ºï¼š30000
2020-11-23 23:54:05.620  - [32minfo[39m: siro.0 (5084) conntimeoutçš„æ•°å€¼ä¸ºï¼š12750
2020-11-23 23:54:15.646  - [32minfo[39m: siro.0 (5084) heartbeatTimeoutçš„å€¼ä¸ºï¼š30000
2020-11-23 23:54:15.647  - [32minfo[39m: siro.0 (5084) conntimeoutçš„æ•°å€¼ä¸ºï¼š12895
2020-11-23 23:54:25.832  - [32minfo[39m: siro.0 (5084) heartbeatTimeoutçš„å€¼ä¸ºï¼š30000
2020-11-23 23:54:25.833  - [32minfo[39m: siro.0 (5084) conntimeoutçš„æ•°å€¼ä¸ºï¼š12989
2020-11-23 23:54:36.959  - [32minfo[39m: siro.0 (5084) heartbeatTimeoutçš„å€¼ä¸ºï¼š30000
2020-11-23 23:54:36.960  - [32minfo[39m: siro.0 (5084) conntimeoutçš„æ•°å€¼ä¸ºï¼š13126
2020-11-23 23:54:45.585  - [32minfo[39m: siro.0 (5084) heartbeatTimeoutçš„å€¼ä¸ºï¼š30000
2020-11-23 23:54:45.586  - [32minfo[39m: siro.0 (5084) conntimeoutçš„æ•°å€¼ä¸ºï¼š13261
2020-11-23 23:54:55.668  - [32minfo[39m: siro.0 (5084) heartbeatTimeoutçš„å€¼ä¸ºï¼š30000
2020-11-23 23:54:55.668  - [32minfo[39m: siro.0 (5084) conntimeoutçš„æ•°å€¼ä¸ºï¼š13361
2020-11-23 23:55:06.625  - [32minfo[39m: siro.0 (5084) heartbeatTimeoutçš„å€¼ä¸ºï¼š30000
2020-11-23 23:55:06.625  - [32minfo[39m: siro.0 (5084) conntimeoutçš„æ•°å€¼ä¸ºï¼š13503
2020-11-23 23:55:15.654  - [32minfo[39m: siro.0 (5084) heartbeatTimeoutçš„å€¼ä¸ºï¼š30000
2020-11-23 23:55:15.655  - [32minfo[39m: siro.0 (5084) conntimeoutçš„æ•°å€¼ä¸ºï¼š13645
2020-11-23 23:55:25.503  - [32minfo[39m: siro.0 (5084) heartbeatTimeoutçš„å€¼ä¸ºï¼š30000
2020-11-23 23:55:25.503  - [32minfo[39m: siro.0 (5084) conntimeoutçš„æ•°å€¼ä¸ºï¼š13742
2020-11-23 23:55:35.513  - [32minfo[39m: siro.0 (5084) heartbeatTimeoutçš„å€¼ä¸ºï¼š30000
2020-11-23 23:55:35.513  - [32minfo[39m: siro.0 (5084) conntimeoutçš„æ•°å€¼ä¸ºï¼š13888
2020-11-23 23:55:46.607  - [32minfo[39m: siro.0 (5084) heartbeatTimeoutçš„å€¼ä¸ºï¼š30000
2020-11-23 23:55:46.607  - [32minfo[39m: siro.0 (5084) conntimeoutçš„æ•°å€¼ä¸ºï¼š14030
2020-11-23 23:55:55.552  - [32minfo[39m: siro.0 (5084) heartbeatTimeoutçš„å€¼ä¸ºï¼š30000
2020-11-23 23:55:55.552  - [32minfo[39m: siro.0 (5084) conntimeoutçš„æ•°å€¼ä¸ºï¼š14127
2020-11-23 23:56:00.957  - [31merror[39m: info.0 (11140) Error: getaddrinfo ENOENT raw.githubusercontent.com
2020-11-23 23:56:05.891  - [32minfo[39m: siro.0 (5084) heartbeatTimeoutçš„å€¼ä¸ºï¼š30000
2020-11-23 23:56:05.891  - [32minfo[39m: siro.0 (5084) conntimeoutçš„æ•°å€¼ä¸ºï¼š14268
2020-11-23 23:56:15.600  - [32minfo[39m: siro.0 (5084) heartbeatTimeoutçš„å€¼ä¸ºï¼š30000
2020-11-23 23:56:15.600  - [32minfo[39m: siro.0 (5084) conntimeoutçš„æ•°å€¼ä¸ºï¼š14405
2020-11-23 23:56:25.512  - [32minfo[39m: siro.0 (5084) heartbeatTimeoutçš„å€¼ä¸ºï¼š30000
2020-11-23 23:56:25.513  - [32minfo[39m: siro.0 (5084) conntimeoutçš„æ•°å€¼ä¸ºï¼š14506
2020-11-23 23:56:37.736  - [32minfo[39m: siro.0 (5084) heartbeatTimeoutçš„å€¼ä¸ºï¼š30000
2020-11-23 23:56:37.736  - [32minfo[39m: siro.0 (5084) conntimeoutçš„æ•°å€¼ä¸ºï¼š14654
2020-11-23 23:56:46.620  - [32minfo[39m: siro.0 (5084) heartbeatTimeoutçš„å€¼ä¸ºï¼š30000
2020-11-23 23:56:46.620  - [32minfo[39m: siro.0 (5084) conntimeoutçš„æ•°å€¼ä¸ºï¼š14793
2020-11-23 23:56:55.692  - [32minfo[39m: siro.0 (5084) heartbeatTimeoutçš„å€¼ä¸ºï¼š30000
2020-11-23 23:56:55.693  - [32minfo[39m: siro.0 (5084) conntimeoutçš„æ•°å€¼ä¸ºï¼š14890
2020-11-23 23:57:06.708  - [32minfo[39m: siro.0 (5084) heartbeatTimeoutçš„å€¼ä¸ºï¼š30000
2020-11-23 23:57:06.708  - [32minfo[39m: siro.0 (5084) conntimeoutçš„æ•°å€¼ä¸ºï¼š15029
2020-11-23 23:57:15.489  - [32minfo[39m: siro.0 (5084) heartbeatTimeoutçš„å€¼ä¸ºï¼š30000
2020-11-23 23:57:15.489  - [32minfo[39m: siro.0 (5084) conntimeoutçš„æ•°å€¼ä¸ºï¼š15166
2020-11-23 23:57:26.592  - [32minfo[39m: siro.0 (5084) heartbeatTimeoutçš„å€¼ä¸ºï¼š30000
2020-11-23 23:57:26.593  - [32minfo[39m: siro.0 (5084) conntimeoutçš„æ•°å€¼ä¸ºï¼š15265
2020-11-23 23:57:36.761  - [32minfo[39m: siro.0 (5084) heartbeatTimeoutçš„å€¼ä¸ºï¼š30000
2020-11-23 23:57:36.761  - [32minfo[39m: siro.0 (5084) conntimeoutçš„æ•°å€¼ä¸ºï¼š15401
2020-11-23 23:57:45.608  - [32minfo[39m: siro.0 (5084) heartbeatTimeoutçš„å€¼ä¸ºï¼š30000
2020-11-23 23:57:45.609  - [32minfo[39m: siro.0 (5084) conntimeoutçš„æ•°å€¼ä¸ºï¼š15540
2020-11-23 23:57:56.103  - [32minfo[39m: siro.0 (5084) heartbeatTimeoutçš„å€¼ä¸ºï¼š30000
2020-11-23 23:57:56.104  - [32minfo[39m: siro.0 (5084) conntimeoutçš„æ•°å€¼ä¸ºï¼š15637
2020-11-23 23:58:05.489  - [32minfo[39m: siro.0 (5084) heartbeatTimeoutçš„å€¼ä¸ºï¼š30000
2020-11-23 23:58:05.490  - [32minfo[39m: siro.0 (5084) conntimeoutçš„æ•°å€¼ä¸ºï¼š15781
2020-11-23 23:58:15.584  - [32minfo[39m: siro.0 (5084) heartbeatTimeoutçš„å€¼ä¸ºï¼š30000
2020-11-23 23:58:15.584  - [32minfo[39m: siro.0 (5084) conntimeoutçš„æ•°å€¼ä¸ºï¼š15920
2020-11-23 23:58:26.442  - [32minfo[39m: siro.0 (5084) heartbeatTimeoutçš„å€¼ä¸ºï¼š30000
2020-11-23 23:58:26.443  - [32minfo[39m: siro.0 (5084) conntimeoutçš„æ•°å€¼ä¸ºï¼š16013
2020-11-23 23:58:35.683  - [32minfo[39m: siro.0 (5084) heartbeatTimeoutçš„å€¼ä¸ºï¼š30000
2020-11-23 23:58:35.684  - [32minfo[39m: siro.0 (5084) conntimeoutçš„æ•°å€¼ä¸ºï¼š16153
2020-11-23 23:58:46.046  - [32minfo[39m: siro.0 (5084) heartbeatTimeoutçš„å€¼ä¸ºï¼š30000
2020-11-23 23:58:46.047  - [32minfo[39m: siro.0 (5084) conntimeoutçš„æ•°å€¼ä¸ºï¼š16297
2020-11-23 23:58:55.693  - [32minfo[39m: siro.0 (5084) heartbeatTimeoutçš„å€¼ä¸ºï¼š30000
2020-11-23 23:58:55.694  - [32minfo[39m: siro.0 (5084) conntimeoutçš„æ•°å€¼ä¸ºï¼š16394
2020-11-23 23:59:05.699  - [32minfo[39m: siro.0 (5084) heartbeatTimeoutçš„å€¼ä¸ºï¼š30000
2020-11-23 23:59:05.699  - [32minfo[39m: siro.0 (5084) conntimeoutçš„æ•°å€¼ä¸ºï¼š16537
2020-11-23 23:59:15.522  - [32minfo[39m: siro.0 (5084) heartbeatTimeoutçš„å€¼ä¸ºï¼š30000
2020-11-23 23:59:15.522  - [32minfo[39m: siro.0 (5084) conntimeoutçš„æ•°å€¼ä¸ºï¼š16679
2020-11-23 23:59:25.715  - [32minfo[39m: siro.0 (5084) heartbeatTimeoutçš„å€¼ä¸ºï¼š30000
2020-11-23 23:59:25.716  - [32minfo[39m: siro.0 (5084) conntimeoutçš„æ•°å€¼ä¸ºï¼š16777
2020-11-23 23:59:35.503  - [32minfo[39m: siro.0 (5084) heartbeatTimeoutçš„å€¼ä¸ºï¼š30000
2020-11-23 23:59:35.504  - [32minfo[39m: siro.0 (5084) conntimeoutçš„æ•°å€¼ä¸ºï¼š16916
2020-11-23 23:59:45.656  - [32minfo[39m: siro.0 (5084) heartbeatTimeoutçš„å€¼ä¸ºï¼š30000
2020-11-23 23:59:45.656  - [32minfo[39m: siro.0 (5084) conntimeoutçš„æ•°å€¼ä¸ºï¼š17062
2020-11-23 23:59:55.631  - [32minfo[39m: siro.0 (5084) heartbeatTimeoutçš„å€¼ä¸ºï¼š30000
2020-11-23 23:59:55.632  - [32minfo[39m: siro.0 (5084) conntimeoutçš„æ•°å€¼ä¸ºï¼š17159
