2020-11-22 09:11:46.567  - [31merror[39m: info.0 (4388) Error: getaddrinfo ENOTFOUND raw.githubusercontent.com
2020-11-22 09:11:47.002  - [32minfo[39m: admin.0 (7684) Request actual repository...
2020-11-22 09:11:47.076  - [32minfo[39m: host.DYWM34 Update repository "default" under "http://download.iobroker.net/sources-dist.json"
2020-11-22 09:11:47.392  - [32minfo[39m: admin.0 (7684) Repository received successfully.
2020-11-22 09:41:46.570  - [31merror[39m: info.0 (4388) Error: getaddrinfo ENOENT raw.githubusercontent.com
2020-11-22 10:44:19.008  - [31merror[39m: info.0 (4388) Error: getaddrinfo ENOENT raw.githubusercontent.com
2020-11-22 11:14:15.959  - [31merror[39m: info.0 (4388) Error: getaddrinfo ENOENT raw.githubusercontent.com
2020-11-22 12:31:31.705  - [31merror[39m: info.0 (4388) Error: getaddrinfo ENOTFOUND raw.githubusercontent.com
2020-11-22 13:01:31.708  - [31merror[39m: info.0 (4388) Error: getaddrinfo ENOENT raw.githubusercontent.com
2020-11-22 13:31:31.709  - [31merror[39m: info.0 (4388) Error: getaddrinfo ENOENT raw.githubusercontent.com
2020-11-22 14:01:31.717  - [31merror[39m: info.0 (4388) Error: getaddrinfo ENOENT raw.githubusercontent.com
2020-11-22 14:31:31.708  - [31merror[39m: info.0 (4388) Error: getaddrinfo ENOENT raw.githubusercontent.com
2020-11-22 15:01:31.709  - [31merror[39m: info.0 (4388) Error: getaddrinfo ENOENT raw.githubusercontent.com
2020-11-22 15:31:31.718  - [31merror[39m: info.0 (4388) Error: getaddrinfo ENOENT raw.githubusercontent.com
2020-11-22 16:01:31.712  - [31merror[39m: info.0 (4388) Error: getaddrinfo ENOENT raw.githubusercontent.com
2020-11-22 16:31:31.715  - [31merror[39m: info.0 (4388) Error: getaddrinfo ENOENT raw.githubusercontent.com
2020-11-22 17:01:31.713  - [31merror[39m: info.0 (4388) Error: getaddrinfo ENOENT raw.githubusercontent.com
2020-11-22 17:31:31.705  - [31merror[39m: info.0 (4388) Error: getaddrinfo ENOENT raw.githubusercontent.com
2020-11-22 18:01:31.702  - [31merror[39m: info.0 (4388) Error: getaddrinfo ENOENT raw.githubusercontent.com
2020-11-22 18:31:31.701  - [31merror[39m: info.0 (4388) Error: getaddrinfo ENOENT raw.githubusercontent.com
2020-11-22 19:01:31.701  - [31merror[39m: info.0 (4388) Error: getaddrinfo ENOENT raw.githubusercontent.com
2020-11-22 19:31:31.702  - [31merror[39m: info.0 (4388) Error: getaddrinfo ENOENT raw.githubusercontent.com
2020-11-22 20:15:04.628  - [31merror[39m: info.0 (4388) Error: getaddrinfo ENOENT raw.githubusercontent.com
2020-11-22 20:44:57.565  - [31merror[39m: info.0 (4388) Error: getaddrinfo ENOENT raw.githubusercontent.com
2020-11-22 21:14:57.569  - [31merror[39m: info.0 (4388) Error: getaddrinfo ENOENT raw.githubusercontent.com
2020-11-22 21:44:57.566  - [31merror[39m: info.0 (4388) Error: getaddrinfo ENOENT raw.githubusercontent.com
2020-11-22 22:14:57.579  - [31merror[39m: info.0 (4388) Error: getaddrinfo ENOENT raw.githubusercontent.com
2020-11-22 22:44:57.578  - [31merror[39m: info.0 (4388) Error: getaddrinfo ENOENT raw.githubusercontent.com
2020-11-22 23:14:57.569  - [31merror[39m: info.0 (4388) Error: getaddrinfo ENOENT raw.githubusercontent.com
2020-11-22 23:44:57.573  - [31merror[39m: info.0 (4388) Error: getaddrinfo ENOENT raw.githubusercontent.com
